The target system is: Generic -  - 
The host system is: Linux - 4.15.0-62-generic - x86_64
Compiling the C compiler identification source file "CMakeCCompilerId.c" succeeded.
Compiler: /media/ankit/mydev/toolchains/esp32/idf-tools/tools/xtensa-esp32-elf/esp32-2019r1-8.2.0/xtensa-esp32-elf/bin/xtensa-esp32-elf-gcc 
Build flags: -mlongcalls;-Wno-frame-address
Id flags:  

The output was:
0


Compilation of the C compiler identification source "CMakeCCompilerId.c" produced "a.out"

The C compiler identification is GNU, found in "/home/ankit/Sandbox/ESP32_MESSAGE_DISPLAY/src/build/CMakeFiles/3.10.2/CompilerIdC/a.out"

Compiling the CXX compiler identification source file "CMakeCXXCompilerId.cpp" succeeded.
Compiler: /media/ankit/mydev/toolchains/esp32/idf-tools/tools/xtensa-esp32-elf/esp32-2019r1-8.2.0/xtensa-esp32-elf/bin/xtensa-esp32-elf-g++ 
Build flags: -mlongcalls;-Wno-frame-address
Id flags:  

The output was:
0


Compilation of the CXX compiler identification source "CMakeCXXCompilerId.cpp" produced "a.out"

The CXX compiler identification is GNU, found in "/home/ankit/Sandbox/ESP32_MESSAGE_DISPLAY/src/build/CMakeFiles/3.10.2/CompilerIdCXX/a.out"

Checking whether the ASM compiler is GNU using "--version" matched "(GNU assembler)|(GCC)|(Free Software Foundation)":
xtensa-esp32-elf-gcc (crosstool-NG esp32-2019r1) 8.2.0
Copyright (C) 2018 Free Software Foundation, Inc.
This is free software; see the source for copying conditions.  There is NO
warranty; not even for MERCHANTABILITY or FITNESS FOR A PARTICULAR PURPOSE.

Determining if the C compiler works passed with the following output:
Change Dir: /home/ankit/Sandbox/ESP32_MESSAGE_DISPLAY/src/build/CMakeFiles/CMakeTmp

Run Build Command:"/usr/bin/make" "cmTC_079fb/fast"
/usr/bin/make -f CMakeFiles/cmTC_079fb.dir/build.make CMakeFiles/cmTC_079fb.dir/build
make[1]: Entering directory '/home/ankit/Sandbox/ESP32_MESSAGE_DISPLAY/src/build/CMakeFiles/CMakeTmp'
Building C object CMakeFiles/cmTC_079fb.dir/testCCompiler.c.obj
/media/ankit/mydev/toolchains/esp32/idf-tools/tools/xtensa-esp32-elf/esp32-2019r1-8.2.0/xtensa-esp32-elf/bin/xtensa-esp32-elf-gcc   -mlongcalls -Wno-frame-address    -o CMakeFiles/cmTC_079fb.dir/testCCompiler.c.obj   -c /home/ankit/Sandbox/ESP32_MESSAGE_DISPLAY/src/build/CMakeFiles/CMakeTmp/testCCompiler.c
Linking C executable cmTC_079fb
/usr/bin/cmake -E cmake_link_script CMakeFiles/cmTC_079fb.dir/link.txt --verbose=1
/media/ankit/mydev/toolchains/esp32/idf-tools/tools/xtensa-esp32-elf/esp32-2019r1-8.2.0/xtensa-esp32-elf/bin/xtensa-esp32-elf-gcc -mlongcalls -Wno-frame-address   -nostdlib  CMakeFiles/cmTC_079fb.dir/testCCompiler.c.obj  -o cmTC_079fb 
/media/ankit/mydev/toolchains/esp32/idf-tools/tools/xtensa-esp32-elf/esp32-2019r1-8.2.0/xtensa-esp32-elf/bin/../lib/gcc/xtensa-esp32-elf/8.2.0/../../../../xtensa-esp32-elf/bin/ld: warning: cannot find entry symbol _start; defaulting to 0000000000400054
make[1]: Leaving directory '/home/ankit/Sandbox/ESP32_MESSAGE_DISPLAY/src/build/CMakeFiles/CMakeTmp'


Detecting C compiler ABI info compiled with the following output:
Change Dir: /home/ankit/Sandbox/ESP32_MESSAGE_DISPLAY/src/build/CMakeFiles/CMakeTmp

Run Build Command:"/usr/bin/make" "cmTC_3e4b0/fast"
/usr/bin/make -f CMakeFiles/cmTC_3e4b0.dir/build.make CMakeFiles/cmTC_3e4b0.dir/build
make[1]: Entering directory '/home/ankit/Sandbox/ESP32_MESSAGE_DISPLAY/src/build/CMakeFiles/CMakeTmp'
Building C object CMakeFiles/cmTC_3e4b0.dir/CMakeCCompilerABI.c.obj
/media/ankit/mydev/toolchains/esp32/idf-tools/tools/xtensa-esp32-elf/esp32-2019r1-8.2.0/xtensa-esp32-elf/bin/xtensa-esp32-elf-gcc   -mlongcalls -Wno-frame-address    -o CMakeFiles/cmTC_3e4b0.dir/CMakeCCompilerABI.c.obj   -c /usr/share/cmake-3.10/Modules/CMakeCCompilerABI.c
Linking C executable cmTC_3e4b0
/usr/bin/cmake -E cmake_link_script CMakeFiles/cmTC_3e4b0.dir/link.txt --verbose=1
/media/ankit/mydev/toolchains/esp32/idf-tools/tools/xtensa-esp32-elf/esp32-2019r1-8.2.0/xtensa-esp32-elf/bin/xtensa-esp32-elf-gcc -mlongcalls -Wno-frame-address   -nostdlib -v CMakeFiles/cmTC_3e4b0.dir/CMakeCCompilerABI.c.obj  -o cmTC_3e4b0 
Using built-in specs.
COLLECT_GCC=/media/ankit/mydev/toolchains/esp32/idf-tools/tools/xtensa-esp32-elf/esp32-2019r1-8.2.0/xtensa-esp32-elf/bin/xtensa-esp32-elf-gcc
COLLECT_LTO_WRAPPER=/media/ankit/mydev/toolchains/esp32/idf-tools/tools/xtensa-esp32-elf/esp32-2019r1-8.2.0/xtensa-esp32-elf/bin/../libexec/gcc/xtensa-esp32-elf/8.2.0/lto-wrapper
Target: xtensa-esp32-elf
Configured with: /builds/idf/crosstool-NG/.build/xtensa-esp32-elf/src/gcc/configure --build=x86_64-build_pc-linux-gnu --host=x86_64-build_pc-linux-gnu --target=xtensa-esp32-elf --prefix=/builds/idf/crosstool-NG/builds/xtensa-esp32-elf --with-local-prefix=/builds/idf/crosstool-NG/builds/xtensa-esp32-elf/xtensa-esp32-elf --with-headers=/builds/idf/crosstool-NG/builds/xtensa-esp32-elf/xtensa-esp32-elf/include --with-newlib --enable-threads=no --disable-shared --with-pkgversion='crosstool-NG esp32-2019r1' --disable-__cxa_atexit --enable-cxx-flags='-fno-rtti -ffunction-sections' --disable-libgomp --disable-libmudflap --disable-libmpx --disable-libssp --disable-libquadmath --disable-libquadmath-support --with-gmp=/builds/idf/crosstool-NG/.build/xtensa-esp32-elf/buildtools --with-mpfr=/builds/idf/crosstool-NG/.build/xtensa-esp32-elf/buildtools --with-mpc=/builds/idf/crosstool-NG/.build/xtensa-esp32-elf/buildtools --with-isl=/builds/idf/crosstool-NG/.build/xtensa-esp32-elf/buildtools --enable-lto --enable-target-optspace --without-long-double-128 --disable-nls --enable-multiarch --enable-languages=c,c++ --disable-libstdcxx-verbose --enable-threads=posix --enable-gcov-custom-rtio --enable-libstdcxx-time=yes
Thread model: posix
gcc version 8.2.0 (crosstool-NG esp32-2019r1) 
COMPILER_PATH=/media/ankit/mydev/toolchains/esp32/idf-tools/tools/xtensa-esp32-elf/esp32-2019r1-8.2.0/xtensa-esp32-elf/bin/../libexec/gcc/xtensa-esp32-elf/8.2.0/:/media/ankit/mydev/toolchains/esp32/idf-tools/tools/xtensa-esp32-elf/esp32-2019r1-8.2.0/xtensa-esp32-elf/bin/../libexec/gcc/:/media/ankit/mydev/toolchains/esp32/idf-tools/tools/xtensa-esp32-elf/esp32-2019r1-8.2.0/xtensa-esp32-elf/bin/../lib/gcc/xtensa-esp32-elf/8.2.0/../../../../xtensa-esp32-elf/bin/
LIBRARY_PATH=/media/ankit/mydev/toolchains/esp32/idf-tools/tools/xtensa-esp32-elf/esp32-2019r1-8.2.0/xtensa-esp32-elf/bin/../lib/gcc/xtensa-esp32-elf/8.2.0/:/media/ankit/mydev/toolchains/esp32/idf-tools/tools/xtensa-esp32-elf/esp32-2019r1-8.2.0/xtensa-esp32-elf/bin/../lib/gcc/:/media/ankit/mydev/toolchains/esp32/idf-tools/tools/xtensa-esp32-elf/esp32-2019r1-8.2.0/xtensa-esp32-elf/bin/../lib/gcc/xtensa-esp32-elf/8.2.0/../../../../xtensa-esp32-elf/lib/
COLLECT_GCC_OPTIONS='-mlongcalls' '-Wno-frame-address' '-nostdlib' '-v' '-o' 'cmTC_3e4b0'
 /media/ankit/mydev/toolchains/esp32/idf-tools/tools/xtensa-esp32-elf/esp32-2019r1-8.2.0/xtensa-esp32-elf/bin/../libexec/gcc/xtensa-esp32-elf/8.2.0/collect2 -plugin /media/ankit/mydev/toolchains/esp32/idf-tools/tools/xtensa-esp32-elf/esp32-2019r1-8.2.0/xtensa-esp32-elf/bin/../libexec/gcc/xtensa-esp32-elf/8.2.0/liblto_plugin.so -plugin-opt=/media/ankit/mydev/toolchains/esp32/idf-tools/tools/xtensa-esp32-elf/esp32-2019r1-8.2.0/xtensa-esp32-elf/bin/../libexec/gcc/xtensa-esp32-elf/8.2.0/lto-wrapper -plugin-opt=-fresolution=/tmp/ccRVxR3d.res -o cmTC_3e4b0 -L/media/ankit/mydev/toolchains/esp32/idf-tools/tools/xtensa-esp32-elf/esp32-2019r1-8.2.0/xtensa-esp32-elf/bin/../lib/gcc/xtensa-esp32-elf/8.2.0 -L/media/ankit/mydev/toolchains/esp32/idf-tools/tools/xtensa-esp32-elf/esp32-2019r1-8.2.0/xtensa-esp32-elf/bin/../lib/gcc -L/media/ankit/mydev/toolchains/esp32/idf-tools/tools/xtensa-esp32-elf/esp32-2019r1-8.2.0/xtensa-esp32-elf/bin/../lib/gcc/xtensa-esp32-elf/8.2.0/../../../../xtensa-esp32-elf/lib CMakeFiles/cmTC_3e4b0.dir/CMakeCCompilerABI.c.obj
/media/ankit/mydev/toolchains/esp32/idf-tools/tools/xtensa-esp32-elf/esp32-2019r1-8.2.0/xtensa-esp32-elf/bin/../lib/gcc/xtensa-esp32-elf/8.2.0/../../../../xtensa-esp32-elf/bin/ld: warning: cannot find entry symbol _start; defaulting to 0000000000400054
COLLECT_GCC_OPTIONS='-mlongcalls' '-Wno-frame-address' '-nostdlib' '-v' '-o' 'cmTC_3e4b0'
make[1]: Leaving directory '/home/ankit/Sandbox/ESP32_MESSAGE_DISPLAY/src/build/CMakeFiles/CMakeTmp'


Parsed C implicit link information from above output:
  link line regex: [^( *|.*[/\])(xtensa-esp32-elf-ld|CMAKE_LINK_STARTFILE-NOTFOUND|([^/\]+-)?ld|collect2)[^/\]*( |$)]
  ignore line: [Change Dir: /home/ankit/Sandbox/ESP32_MESSAGE_DISPLAY/src/build/CMakeFiles/CMakeTmp]
  ignore line: []
  ignore line: [Run Build Command:"/usr/bin/make" "cmTC_3e4b0/fast"]
  ignore line: [/usr/bin/make -f CMakeFiles/cmTC_3e4b0.dir/build.make CMakeFiles/cmTC_3e4b0.dir/build]
  ignore line: [make[1]: Entering directory '/home/ankit/Sandbox/ESP32_MESSAGE_DISPLAY/src/build/CMakeFiles/CMakeTmp']
  ignore line: [Building C object CMakeFiles/cmTC_3e4b0.dir/CMakeCCompilerABI.c.obj]
  ignore line: [/media/ankit/mydev/toolchains/esp32/idf-tools/tools/xtensa-esp32-elf/esp32-2019r1-8.2.0/xtensa-esp32-elf/bin/xtensa-esp32-elf-gcc   -mlongcalls -Wno-frame-address    -o CMakeFiles/cmTC_3e4b0.dir/CMakeCCompilerABI.c.obj   -c /usr/share/cmake-3.10/Modules/CMakeCCompilerABI.c]
  ignore line: [Linking C executable cmTC_3e4b0]
  ignore line: [/usr/bin/cmake -E cmake_link_script CMakeFiles/cmTC_3e4b0.dir/link.txt --verbose=1]
  ignore line: [/media/ankit/mydev/toolchains/esp32/idf-tools/tools/xtensa-esp32-elf/esp32-2019r1-8.2.0/xtensa-esp32-elf/bin/xtensa-esp32-elf-gcc -mlongcalls -Wno-frame-address   -nostdlib -v CMakeFiles/cmTC_3e4b0.dir/CMakeCCompilerABI.c.obj  -o cmTC_3e4b0 ]
  ignore line: [Using built-in specs.]
  ignore line: [COLLECT_GCC=/media/ankit/mydev/toolchains/esp32/idf-tools/tools/xtensa-esp32-elf/esp32-2019r1-8.2.0/xtensa-esp32-elf/bin/xtensa-esp32-elf-gcc]
  ignore line: [COLLECT_LTO_WRAPPER=/media/ankit/mydev/toolchains/esp32/idf-tools/tools/xtensa-esp32-elf/esp32-2019r1-8.2.0/xtensa-esp32-elf/bin/../libexec/gcc/xtensa-esp32-elf/8.2.0/lto-wrapper]
  ignore line: [Target: xtensa-esp32-elf]
  ignore line: [Configured with: /builds/idf/crosstool-NG/.build/xtensa-esp32-elf/src/gcc/configure --build=x86_64-build_pc-linux-gnu --host=x86_64-build_pc-linux-gnu --target=xtensa-esp32-elf --prefix=/builds/idf/crosstool-NG/builds/xtensa-esp32-elf --with-local-prefix=/builds/idf/crosstool-NG/builds/xtensa-esp32-elf/xtensa-esp32-elf --with-headers=/builds/idf/crosstool-NG/builds/xtensa-esp32-elf/xtensa-esp32-elf/include --with-newlib --enable-threads=no --disable-shared --with-pkgversion='crosstool-NG esp32-2019r1' --disable-__cxa_atexit --enable-cxx-flags='-fno-rtti -ffunction-sections' --disable-libgomp --disable-libmudflap --disable-libmpx --disable-libssp --disable-libquadmath --disable-libquadmath-support --with-gmp=/builds/idf/crosstool-NG/.build/xtensa-esp32-elf/buildtools --with-mpfr=/builds/idf/crosstool-NG/.build/xtensa-esp32-elf/buildtools --with-mpc=/builds/idf/crosstool-NG/.build/xtensa-esp32-elf/buildtools --with-isl=/builds/idf/crosstool-NG/.build/xtensa-esp32-elf/buildtools --enable-lto --enable-target-optspace --without-long-double-128 --disable-nls --enable-multiarch --enable-languages=c,c++ --disable-libstdcxx-verbose --enable-threads=posix --enable-gcov-custom-rtio --enable-libstdcxx-time=yes]
  ignore line: [Thread model: posix]
  ignore line: [gcc version 8.2.0 (crosstool-NG esp32-2019r1) ]
  ignore line: [COMPILER_PATH=/media/ankit/mydev/toolchains/esp32/idf-tools/tools/xtensa-esp32-elf/esp32-2019r1-8.2.0/xtensa-esp32-elf/bin/../libexec/gcc/xtensa-esp32-elf/8.2.0/:/media/ankit/mydev/toolchains/esp32/idf-tools/tools/xtensa-esp32-elf/esp32-2019r1-8.2.0/xtensa-esp32-elf/bin/../libexec/gcc/:/media/ankit/mydev/toolchains/esp32/idf-tools/tools/xtensa-esp32-elf/esp32-2019r1-8.2.0/xtensa-esp32-elf/bin/../lib/gcc/xtensa-esp32-elf/8.2.0/../../../../xtensa-esp32-elf/bin/]
  ignore line: [LIBRARY_PATH=/media/ankit/mydev/toolchains/esp32/idf-tools/tools/xtensa-esp32-elf/esp32-2019r1-8.2.0/xtensa-esp32-elf/bin/../lib/gcc/xtensa-esp32-elf/8.2.0/:/media/ankit/mydev/toolchains/esp32/idf-tools/tools/xtensa-esp32-elf/esp32-2019r1-8.2.0/xtensa-esp32-elf/bin/../lib/gcc/:/media/ankit/mydev/toolchains/esp32/idf-tools/tools/xtensa-esp32-elf/esp32-2019r1-8.2.0/xtensa-esp32-elf/bin/../lib/gcc/xtensa-esp32-elf/8.2.0/../../../../xtensa-esp32-elf/lib/]
  ignore line: [COLLECT_GCC_OPTIONS='-mlongcalls' '-Wno-frame-address' '-nostdlib' '-v' '-o' 'cmTC_3e4b0']
  link line: [ /media/ankit/mydev/toolchains/esp32/idf-tools/tools/xtensa-esp32-elf/esp32-2019r1-8.2.0/xtensa-esp32-elf/bin/../libexec/gcc/xtensa-esp32-elf/8.2.0/collect2 -plugin /media/ankit/mydev/toolchains/esp32/idf-tools/tools/xtensa-esp32-elf/esp32-2019r1-8.2.0/xtensa-esp32-elf/bin/../libexec/gcc/xtensa-esp32-elf/8.2.0/liblto_plugin.so -plugin-opt=/media/ankit/mydev/toolchains/esp32/idf-tools/tools/xtensa-esp32-elf/esp32-2019r1-8.2.0/xtensa-esp32-elf/bin/../libexec/gcc/xtensa-esp32-elf/8.2.0/lto-wrapper -plugin-opt=-fresolution=/tmp/ccRVxR3d.res -o cmTC_3e4b0 -L/media/ankit/mydev/toolchains/esp32/idf-tools/tools/xtensa-esp32-elf/esp32-2019r1-8.2.0/xtensa-esp32-elf/bin/../lib/gcc/xtensa-esp32-elf/8.2.0 -L/media/ankit/mydev/toolchains/esp32/idf-tools/tools/xtensa-esp32-elf/esp32-2019r1-8.2.0/xtensa-esp32-elf/bin/../lib/gcc -L/media/ankit/mydev/toolchains/esp32/idf-tools/tools/xtensa-esp32-elf/esp32-2019r1-8.2.0/xtensa-esp32-elf/bin/../lib/gcc/xtensa-esp32-elf/8.2.0/../../../../xtensa-esp32-elf/lib CMakeFiles/cmTC_3e4b0.dir/CMakeCCompilerABI.c.obj]
    arg [/media/ankit/mydev/toolchains/esp32/idf-tools/tools/xtensa-esp32-elf/esp32-2019r1-8.2.0/xtensa-esp32-elf/bin/../libexec/gcc/xtensa-esp32-elf/8.2.0/collect2] ==> ignore
    arg [-plugin] ==> ignore
    arg [/media/ankit/mydev/toolchains/esp32/idf-tools/tools/xtensa-esp32-elf/esp32-2019r1-8.2.0/xtensa-esp32-elf/bin/../libexec/gcc/xtensa-esp32-elf/8.2.0/liblto_plugin.so] ==> ignore
    arg [-plugin-opt=/media/ankit/mydev/toolchains/esp32/idf-tools/tools/xtensa-esp32-elf/esp32-2019r1-8.2.0/xtensa-esp32-elf/bin/../libexec/gcc/xtensa-esp32-elf/8.2.0/lto-wrapper] ==> ignore
    arg [-plugin-opt=-fresolution=/tmp/ccRVxR3d.res] ==> ignore
    arg [-o] ==> ignore
    arg [cmTC_3e4b0] ==> ignore
    arg [-L/media/ankit/mydev/toolchains/esp32/idf-tools/tools/xtensa-esp32-elf/esp32-2019r1-8.2.0/xtensa-esp32-elf/bin/../lib/gcc/xtensa-esp32-elf/8.2.0] ==> dir [/media/ankit/mydev/toolchains/esp32/idf-tools/tools/xtensa-esp32-elf/esp32-2019r1-8.2.0/xtensa-esp32-elf/bin/../lib/gcc/xtensa-esp32-elf/8.2.0]
    arg [-L/media/ankit/mydev/toolchains/esp32/idf-tools/tools/xtensa-esp32-elf/esp32-2019r1-8.2.0/xtensa-esp32-elf/bin/../lib/gcc] ==> dir [/media/ankit/mydev/toolchains/esp32/idf-tools/tools/xtensa-esp32-elf/esp32-2019r1-8.2.0/xtensa-esp32-elf/bin/../lib/gcc]
    arg [-L/media/ankit/mydev/toolchains/esp32/idf-tools/tools/xtensa-esp32-elf/esp32-2019r1-8.2.0/xtensa-esp32-elf/bin/../lib/gcc/xtensa-esp32-elf/8.2.0/../../../../xtensa-esp32-elf/lib] ==> dir [/media/ankit/mydev/toolchains/esp32/idf-tools/tools/xtensa-esp32-elf/esp32-2019r1-8.2.0/xtensa-esp32-elf/bin/../lib/gcc/xtensa-esp32-elf/8.2.0/../../../../xtensa-esp32-elf/lib]
    arg [CMakeFiles/cmTC_3e4b0.dir/CMakeCCompilerABI.c.obj] ==> ignore
  collapse library dir [/media/ankit/mydev/toolchains/esp32/idf-tools/tools/xtensa-esp32-elf/esp32-2019r1-8.2.0/xtensa-esp32-elf/bin/../lib/gcc/xtensa-esp32-elf/8.2.0] ==> [/media/ankit/mydev/toolchains/esp32/idf-tools/tools/xtensa-esp32-elf/esp32-2019r1-8.2.0/xtensa-esp32-elf/lib/gcc/xtensa-esp32-elf/8.2.0]
  collapse library dir [/media/ankit/mydev/toolchains/esp32/idf-tools/tools/xtensa-esp32-elf/esp32-2019r1-8.2.0/xtensa-esp32-elf/bin/../lib/gcc] ==> [/media/ankit/mydev/toolchains/esp32/idf-tools/tools/xtensa-esp32-elf/esp32-2019r1-8.2.0/xtensa-esp32-elf/lib/gcc]
  collapse library dir [/media/ankit/mydev/toolchains/esp32/idf-tools/tools/xtensa-esp32-elf/esp32-2019r1-8.2.0/xtensa-esp32-elf/bin/../lib/gcc/xtensa-esp32-elf/8.2.0/../../../../xtensa-esp32-elf/lib] ==> [/media/ankit/mydev/toolchains/esp32/idf-tools/tools/xtensa-esp32-elf/esp32-2019r1-8.2.0/xtensa-esp32-elf/xtensa-esp32-elf/lib]
  implicit libs: []
  implicit dirs: [/media/ankit/mydev/toolchains/esp32/idf-tools/tools/xtensa-esp32-elf/esp32-2019r1-8.2.0/xtensa-esp32-elf/lib/gcc/xtensa-esp32-elf/8.2.0;/media/ankit/mydev/toolchains/esp32/idf-tools/tools/xtensa-esp32-elf/esp32-2019r1-8.2.0/xtensa-esp32-elf/lib/gcc;/media/ankit/mydev/toolchains/esp32/idf-tools/tools/xtensa-esp32-elf/esp32-2019r1-8.2.0/xtensa-esp32-elf/xtensa-esp32-elf/lib]
  implicit fwks: []




Detecting C [-std=c11] compiler features compiled with the following output:
Change Dir: /home/ankit/Sandbox/ESP32_MESSAGE_DISPLAY/src/build/CMakeFiles/CMakeTmp

Run Build Command:"/usr/bin/make" "cmTC_7fada/fast"
/usr/bin/make -f CMakeFiles/cmTC_7fada.dir/build.make CMakeFiles/cmTC_7fada.dir/build
make[1]: Entering directory '/home/ankit/Sandbox/ESP32_MESSAGE_DISPLAY/src/build/CMakeFiles/CMakeTmp'
Building C object CMakeFiles/cmTC_7fada.dir/feature_tests.c.obj
/media/ankit/mydev/toolchains/esp32/idf-tools/tools/xtensa-esp32-elf/esp32-2019r1-8.2.0/xtensa-esp32-elf/bin/xtensa-esp32-elf-gcc   -mlongcalls -Wno-frame-address    -std=c11 -o CMakeFiles/cmTC_7fada.dir/feature_tests.c.obj   -c /home/ankit/Sandbox/ESP32_MESSAGE_DISPLAY/src/build/CMakeFiles/feature_tests.c
Linking C executable cmTC_7fada
/usr/bin/cmake -E cmake_link_script CMakeFiles/cmTC_7fada.dir/link.txt --verbose=1
/media/ankit/mydev/toolchains/esp32/idf-tools/tools/xtensa-esp32-elf/esp32-2019r1-8.2.0/xtensa-esp32-elf/bin/xtensa-esp32-elf-gcc -mlongcalls -Wno-frame-address   -nostdlib  CMakeFiles/cmTC_7fada.dir/feature_tests.c.obj  -o cmTC_7fada 
/media/ankit/mydev/toolchains/esp32/idf-tools/tools/xtensa-esp32-elf/esp32-2019r1-8.2.0/xtensa-esp32-elf/bin/../lib/gcc/xtensa-esp32-elf/8.2.0/../../../../xtensa-esp32-elf/bin/ld: warning: cannot find entry symbol _start; defaulting to 0000000000400054
make[1]: Leaving directory '/home/ankit/Sandbox/ESP32_MESSAGE_DISPLAY/src/build/CMakeFiles/CMakeTmp'


    Feature record: C_FEATURE:1c_function_prototypes
    Feature record: C_FEATURE:1c_restrict
    Feature record: C_FEATURE:1c_static_assert
    Feature record: C_FEATURE:1c_variadic_macros


Detecting C [-std=c99] compiler features compiled with the following output:
Change Dir: /home/ankit/Sandbox/ESP32_MESSAGE_DISPLAY/src/build/CMakeFiles/CMakeTmp

Run Build Command:"/usr/bin/make" "cmTC_9d43d/fast"
/usr/bin/make -f CMakeFiles/cmTC_9d43d.dir/build.make CMakeFiles/cmTC_9d43d.dir/build
make[1]: Entering directory '/home/ankit/Sandbox/ESP32_MESSAGE_DISPLAY/src/build/CMakeFiles/CMakeTmp'
Building C object CMakeFiles/cmTC_9d43d.dir/feature_tests.c.obj
/media/ankit/mydev/toolchains/esp32/idf-tools/tools/xtensa-esp32-elf/esp32-2019r1-8.2.0/xtensa-esp32-elf/bin/xtensa-esp32-elf-gcc   -mlongcalls -Wno-frame-address    -std=c99 -o CMakeFiles/cmTC_9d43d.dir/feature_tests.c.obj   -c /home/ankit/Sandbox/ESP32_MESSAGE_DISPLAY/src/build/CMakeFiles/feature_tests.c
Linking C executable cmTC_9d43d
/usr/bin/cmake -E cmake_link_script CMakeFiles/cmTC_9d43d.dir/link.txt --verbose=1
/media/ankit/mydev/toolchains/esp32/idf-tools/tools/xtensa-esp32-elf/esp32-2019r1-8.2.0/xtensa-esp32-elf/bin/xtensa-esp32-elf-gcc -mlongcalls -Wno-frame-address   -nostdlib  CMakeFiles/cmTC_9d43d.dir/feature_tests.c.obj  -o cmTC_9d43d 
/media/ankit/mydev/toolchains/esp32/idf-tools/tools/xtensa-esp32-elf/esp32-2019r1-8.2.0/xtensa-esp32-elf/bin/../lib/gcc/xtensa-esp32-elf/8.2.0/../../../../xtensa-esp32-elf/bin/ld: warning: cannot find entry symbol _start; defaulting to 0000000000400054
make[1]: Leaving directory '/home/ankit/Sandbox/ESP32_MESSAGE_DISPLAY/src/build/CMakeFiles/CMakeTmp'


    Feature record: C_FEATURE:1c_function_prototypes
    Feature record: C_FEATURE:1c_restrict
    Feature record: C_FEATURE:0c_static_assert
    Feature record: C_FEATURE:1c_variadic_macros


Detecting C [-std=c90] compiler features compiled with the following output:
Change Dir: /home/ankit/Sandbox/ESP32_MESSAGE_DISPLAY/src/build/CMakeFiles/CMakeTmp

Run Build Command:"/usr/bin/make" "cmTC_a310b/fast"
/usr/bin/make -f CMakeFiles/cmTC_a310b.dir/build.make CMakeFiles/cmTC_a310b.dir/build
make[1]: Entering directory '/home/ankit/Sandbox/ESP32_MESSAGE_DISPLAY/src/build/CMakeFiles/CMakeTmp'
Building C object CMakeFiles/cmTC_a310b.dir/feature_tests.c.obj
/media/ankit/mydev/toolchains/esp32/idf-tools/tools/xtensa-esp32-elf/esp32-2019r1-8.2.0/xtensa-esp32-elf/bin/xtensa-esp32-elf-gcc   -mlongcalls -Wno-frame-address    -std=c90 -o CMakeFiles/cmTC_a310b.dir/feature_tests.c.obj   -c /home/ankit/Sandbox/ESP32_MESSAGE_DISPLAY/src/build/CMakeFiles/feature_tests.c
Linking C executable cmTC_a310b
/usr/bin/cmake -E cmake_link_script CMakeFiles/cmTC_a310b.dir/link.txt --verbose=1
/media/ankit/mydev/toolchains/esp32/idf-tools/tools/xtensa-esp32-elf/esp32-2019r1-8.2.0/xtensa-esp32-elf/bin/xtensa-esp32-elf-gcc -mlongcalls -Wno-frame-address   -nostdlib  CMakeFiles/cmTC_a310b.dir/feature_tests.c.obj  -o cmTC_a310b 
/media/ankit/mydev/toolchains/esp32/idf-tools/tools/xtensa-esp32-elf/esp32-2019r1-8.2.0/xtensa-esp32-elf/bin/../lib/gcc/xtensa-esp32-elf/8.2.0/../../../../xtensa-esp32-elf/bin/ld: warning: cannot find entry symbol _start; defaulting to 0000000000400054
make[1]: Leaving directory '/home/ankit/Sandbox/ESP32_MESSAGE_DISPLAY/src/build/CMakeFiles/CMakeTmp'


    Feature record: C_FEATURE:1c_function_prototypes
    Feature record: C_FEATURE:0c_restrict
    Feature record: C_FEATURE:0c_static_assert
    Feature record: C_FEATURE:0c_variadic_macros
Determining if the CXX compiler works passed with the following output:
Change Dir: /home/ankit/Sandbox/ESP32_MESSAGE_DISPLAY/src/build/CMakeFiles/CMakeTmp

Run Build Command:"/usr/bin/make" "cmTC_47982/fast"
/usr/bin/make -f CMakeFiles/cmTC_47982.dir/build.make CMakeFiles/cmTC_47982.dir/build
make[1]: Entering directory '/home/ankit/Sandbox/ESP32_MESSAGE_DISPLAY/src/build/CMakeFiles/CMakeTmp'
Building CXX object CMakeFiles/cmTC_47982.dir/testCXXCompiler.cxx.obj
/media/ankit/mydev/toolchains/esp32/idf-tools/tools/xtensa-esp32-elf/esp32-2019r1-8.2.0/xtensa-esp32-elf/bin/xtensa-esp32-elf-g++    -mlongcalls -Wno-frame-address    -o CMakeFiles/cmTC_47982.dir/testCXXCompiler.cxx.obj -c /home/ankit/Sandbox/ESP32_MESSAGE_DISPLAY/src/build/CMakeFiles/CMakeTmp/testCXXCompiler.cxx
Linking CXX executable cmTC_47982
/usr/bin/cmake -E cmake_link_script CMakeFiles/cmTC_47982.dir/link.txt --verbose=1
/media/ankit/mydev/toolchains/esp32/idf-tools/tools/xtensa-esp32-elf/esp32-2019r1-8.2.0/xtensa-esp32-elf/bin/xtensa-esp32-elf-g++  -mlongcalls -Wno-frame-address   -nostdlib  CMakeFiles/cmTC_47982.dir/testCXXCompiler.cxx.obj  -o cmTC_47982 
/media/ankit/mydev/toolchains/esp32/idf-tools/tools/xtensa-esp32-elf/esp32-2019r1-8.2.0/xtensa-esp32-elf/bin/../lib/gcc/xtensa-esp32-elf/8.2.0/../../../../xtensa-esp32-elf/bin/ld: warning: cannot find entry symbol _start; defaulting to 0000000000400054
make[1]: Leaving directory '/home/ankit/Sandbox/ESP32_MESSAGE_DISPLAY/src/build/CMakeFiles/CMakeTmp'


Detecting CXX compiler ABI info compiled with the following output:
Change Dir: /home/ankit/Sandbox/ESP32_MESSAGE_DISPLAY/src/build/CMakeFiles/CMakeTmp

Run Build Command:"/usr/bin/make" "cmTC_83be9/fast"
/usr/bin/make -f CMakeFiles/cmTC_83be9.dir/build.make CMakeFiles/cmTC_83be9.dir/build
make[1]: Entering directory '/home/ankit/Sandbox/ESP32_MESSAGE_DISPLAY/src/build/CMakeFiles/CMakeTmp'
Building CXX object CMakeFiles/cmTC_83be9.dir/CMakeCXXCompilerABI.cpp.obj
/media/ankit/mydev/toolchains/esp32/idf-tools/tools/xtensa-esp32-elf/esp32-2019r1-8.2.0/xtensa-esp32-elf/bin/xtensa-esp32-elf-g++    -mlongcalls -Wno-frame-address    -o CMakeFiles/cmTC_83be9.dir/CMakeCXXCompilerABI.cpp.obj -c /usr/share/cmake-3.10/Modules/CMakeCXXCompilerABI.cpp
Linking CXX executable cmTC_83be9
/usr/bin/cmake -E cmake_link_script CMakeFiles/cmTC_83be9.dir/link.txt --verbose=1
/media/ankit/mydev/toolchains/esp32/idf-tools/tools/xtensa-esp32-elf/esp32-2019r1-8.2.0/xtensa-esp32-elf/bin/xtensa-esp32-elf-g++  -mlongcalls -Wno-frame-address   -nostdlib -v CMakeFiles/cmTC_83be9.dir/CMakeCXXCompilerABI.cpp.obj  -o cmTC_83be9 
Using built-in specs.
COLLECT_GCC=/media/ankit/mydev/toolchains/esp32/idf-tools/tools/xtensa-esp32-elf/esp32-2019r1-8.2.0/xtensa-esp32-elf/bin/xtensa-esp32-elf-g++
COLLECT_LTO_WRAPPER=/media/ankit/mydev/toolchains/esp32/idf-tools/tools/xtensa-esp32-elf/esp32-2019r1-8.2.0/xtensa-esp32-elf/bin/../libexec/gcc/xtensa-esp32-elf/8.2.0/lto-wrapper
Target: xtensa-esp32-elf
Configured with: /builds/idf/crosstool-NG/.build/xtensa-esp32-elf/src/gcc/configure --build=x86_64-build_pc-linux-gnu --host=x86_64-build_pc-linux-gnu --target=xtensa-esp32-elf --prefix=/builds/idf/crosstool-NG/builds/xtensa-esp32-elf --with-local-prefix=/builds/idf/crosstool-NG/builds/xtensa-esp32-elf/xtensa-esp32-elf --with-headers=/builds/idf/crosstool-NG/builds/xtensa-esp32-elf/xtensa-esp32-elf/include --with-newlib --enable-threads=no --disable-shared --with-pkgversion='crosstool-NG esp32-2019r1' --disable-__cxa_atexit --enable-cxx-flags='-fno-rtti -ffunction-sections' --disable-libgomp --disable-libmudflap --disable-libmpx --disable-libssp --disable-libquadmath --disable-libquadmath-support --with-gmp=/builds/idf/crosstool-NG/.build/xtensa-esp32-elf/buildtools --with-mpfr=/builds/idf/crosstool-NG/.build/xtensa-esp32-elf/buildtools --with-mpc=/builds/idf/crosstool-NG/.build/xtensa-esp32-elf/buildtools --with-isl=/builds/idf/crosstool-NG/.build/xtensa-esp32-elf/buildtools --enable-lto --enable-target-optspace --without-long-double-128 --disable-nls --enable-multiarch --enable-languages=c,c++ --disable-libstdcxx-verbose --enable-threads=posix --enable-gcov-custom-rtio --enable-libstdcxx-time=yes
Thread model: posix
gcc version 8.2.0 (crosstool-NG esp32-2019r1) 
COMPILER_PATH=/media/ankit/mydev/toolchains/esp32/idf-tools/tools/xtensa-esp32-elf/esp32-2019r1-8.2.0/xtensa-esp32-elf/bin/../libexec/gcc/xtensa-esp32-elf/8.2.0/:/media/ankit/mydev/toolchains/esp32/idf-tools/tools/xtensa-esp32-elf/esp32-2019r1-8.2.0/xtensa-esp32-elf/bin/../libexec/gcc/:/media/ankit/mydev/toolchains/esp32/idf-tools/tools/xtensa-esp32-elf/esp32-2019r1-8.2.0/xtensa-esp32-elf/bin/../lib/gcc/xtensa-esp32-elf/8.2.0/../../../../xtensa-esp32-elf/bin/
LIBRARY_PATH=/media/ankit/mydev/toolchains/esp32/idf-tools/tools/xtensa-esp32-elf/esp32-2019r1-8.2.0/xtensa-esp32-elf/bin/../lib/gcc/xtensa-esp32-elf/8.2.0/:/media/ankit/mydev/toolchains/esp32/idf-tools/tools/xtensa-esp32-elf/esp32-2019r1-8.2.0/xtensa-esp32-elf/bin/../lib/gcc/:/media/ankit/mydev/toolchains/esp32/idf-tools/tools/xtensa-esp32-elf/esp32-2019r1-8.2.0/xtensa-esp32-elf/bin/../lib/gcc/xtensa-esp32-elf/8.2.0/../../../../xtensa-esp32-elf/lib/
COLLECT_GCC_OPTIONS='-mlongcalls' '-Wno-frame-address' '-nostdlib' '-v' '-o' 'cmTC_83be9'
 /media/ankit/mydev/toolchains/esp32/idf-tools/tools/xtensa-esp32-elf/esp32-2019r1-8.2.0/xtensa-esp32-elf/bin/../libexec/gcc/xtensa-esp32-elf/8.2.0/collect2 -plugin /media/ankit/mydev/toolchains/esp32/idf-tools/tools/xtensa-esp32-elf/esp32-2019r1-8.2.0/xtensa-esp32-elf/bin/../libexec/gcc/xtensa-esp32-elf/8.2.0/liblto_plugin.so -plugin-opt=/media/ankit/mydev/toolchains/esp32/idf-tools/tools/xtensa-esp32-elf/esp32-2019r1-8.2.0/xtensa-esp32-elf/bin/../libexec/gcc/xtensa-esp32-elf/8.2.0/lto-wrapper -plugin-opt=-fresolution=/tmp/ccwaUl5M.res -o cmTC_83be9 -L/media/ankit/mydev/toolchains/esp32/idf-tools/tools/xtensa-esp32-elf/esp32-2019r1-8.2.0/xtensa-esp32-elf/bin/../lib/gcc/xtensa-esp32-elf/8.2.0 -L/media/ankit/mydev/toolchains/esp32/idf-tools/tools/xtensa-esp32-elf/esp32-2019r1-8.2.0/xtensa-esp32-elf/bin/../lib/gcc -L/media/ankit/mydev/toolchains/esp32/idf-tools/tools/xtensa-esp32-elf/esp32-2019r1-8.2.0/xtensa-esp32-elf/bin/../lib/gcc/xtensa-esp32-elf/8.2.0/../../../../xtensa-esp32-elf/lib CMakeFiles/cmTC_83be9.dir/CMakeCXXCompilerABI.cpp.obj
/media/ankit/mydev/toolchains/esp32/idf-tools/tools/xtensa-esp32-elf/esp32-2019r1-8.2.0/xtensa-esp32-elf/bin/../lib/gcc/xtensa-esp32-elf/8.2.0/../../../../xtensa-esp32-elf/bin/ld: warning: cannot find entry symbol _start; defaulting to 0000000000400054
COLLECT_GCC_OPTIONS='-mlongcalls' '-Wno-frame-address' '-nostdlib' '-v' '-o' 'cmTC_83be9'
make[1]: Leaving directory '/home/ankit/Sandbox/ESP32_MESSAGE_DISPLAY/src/build/CMakeFiles/CMakeTmp'


Parsed CXX implicit link information from above output:
  link line regex: [^( *|.*[/\])(xtensa-esp32-elf-ld|CMAKE_LINK_STARTFILE-NOTFOUND|([^/\]+-)?ld|collect2)[^/\]*( |$)]
  ignore line: [Change Dir: /home/ankit/Sandbox/ESP32_MESSAGE_DISPLAY/src/build/CMakeFiles/CMakeTmp]
  ignore line: []
  ignore line: [Run Build Command:"/usr/bin/make" "cmTC_83be9/fast"]
  ignore line: [/usr/bin/make -f CMakeFiles/cmTC_83be9.dir/build.make CMakeFiles/cmTC_83be9.dir/build]
  ignore line: [make[1]: Entering directory '/home/ankit/Sandbox/ESP32_MESSAGE_DISPLAY/src/build/CMakeFiles/CMakeTmp']
  ignore line: [Building CXX object CMakeFiles/cmTC_83be9.dir/CMakeCXXCompilerABI.cpp.obj]
  ignore line: [/media/ankit/mydev/toolchains/esp32/idf-tools/tools/xtensa-esp32-elf/esp32-2019r1-8.2.0/xtensa-esp32-elf/bin/xtensa-esp32-elf-g++    -mlongcalls -Wno-frame-address    -o CMakeFiles/cmTC_83be9.dir/CMakeCXXCompilerABI.cpp.obj -c /usr/share/cmake-3.10/Modules/CMakeCXXCompilerABI.cpp]
  ignore line: [Linking CXX executable cmTC_83be9]
  ignore line: [/usr/bin/cmake -E cmake_link_script CMakeFiles/cmTC_83be9.dir/link.txt --verbose=1]
  ignore line: [/media/ankit/mydev/toolchains/esp32/idf-tools/tools/xtensa-esp32-elf/esp32-2019r1-8.2.0/xtensa-esp32-elf/bin/xtensa-esp32-elf-g++  -mlongcalls -Wno-frame-address   -nostdlib -v CMakeFiles/cmTC_83be9.dir/CMakeCXXCompilerABI.cpp.obj  -o cmTC_83be9 ]
  ignore line: [Using built-in specs.]
  ignore line: [COLLECT_GCC=/media/ankit/mydev/toolchains/esp32/idf-tools/tools/xtensa-esp32-elf/esp32-2019r1-8.2.0/xtensa-esp32-elf/bin/xtensa-esp32-elf-g++]
  ignore line: [COLLECT_LTO_WRAPPER=/media/ankit/mydev/toolchains/esp32/idf-tools/tools/xtensa-esp32-elf/esp32-2019r1-8.2.0/xtensa-esp32-elf/bin/../libexec/gcc/xtensa-esp32-elf/8.2.0/lto-wrapper]
  ignore line: [Target: xtensa-esp32-elf]
  ignore line: [Configured with: /builds/idf/crosstool-NG/.build/xtensa-esp32-elf/src/gcc/configure --build=x86_64-build_pc-linux-gnu --host=x86_64-build_pc-linux-gnu --target=xtensa-esp32-elf --prefix=/builds/idf/crosstool-NG/builds/xtensa-esp32-elf --with-local-prefix=/builds/idf/crosstool-NG/builds/xtensa-esp32-elf/xtensa-esp32-elf --with-headers=/builds/idf/crosstool-NG/builds/xtensa-esp32-elf/xtensa-esp32-elf/include --with-newlib --enable-threads=no --disable-shared --with-pkgversion='crosstool-NG esp32-2019r1' --disable-__cxa_atexit --enable-cxx-flags='-fno-rtti -ffunction-sections' --disable-libgomp --disable-libmudflap --disable-libmpx --disable-libssp --disable-libquadmath --disable-libquadmath-support --with-gmp=/builds/idf/crosstool-NG/.build/xtensa-esp32-elf/buildtools --with-mpfr=/builds/idf/crosstool-NG/.build/xtensa-esp32-elf/buildtools --with-mpc=/builds/idf/crosstool-NG/.build/xtensa-esp32-elf/buildtools --with-isl=/builds/idf/crosstool-NG/.build/xtensa-esp32-elf/buildtools --enable-lto --enable-target-optspace --without-long-double-128 --disable-nls --enable-multiarch --enable-languages=c,c++ --disable-libstdcxx-verbose --enable-threads=posix --enable-gcov-custom-rtio --enable-libstdcxx-time=yes]
  ignore line: [Thread model: posix]
  ignore line: [gcc version 8.2.0 (crosstool-NG esp32-2019r1) ]
  ignore line: [COMPILER_PATH=/media/ankit/mydev/toolchains/esp32/idf-tools/tools/xtensa-esp32-elf/esp32-2019r1-8.2.0/xtensa-esp32-elf/bin/../libexec/gcc/xtensa-esp32-elf/8.2.0/:/media/ankit/mydev/toolchains/esp32/idf-tools/tools/xtensa-esp32-elf/esp32-2019r1-8.2.0/xtensa-esp32-elf/bin/../libexec/gcc/:/media/ankit/mydev/toolchains/esp32/idf-tools/tools/xtensa-esp32-elf/esp32-2019r1-8.2.0/xtensa-esp32-elf/bin/../lib/gcc/xtensa-esp32-elf/8.2.0/../../../../xtensa-esp32-elf/bin/]
  ignore line: [LIBRARY_PATH=/media/ankit/mydev/toolchains/esp32/idf-tools/tools/xtensa-esp32-elf/esp32-2019r1-8.2.0/xtensa-esp32-elf/bin/../lib/gcc/xtensa-esp32-elf/8.2.0/:/media/ankit/mydev/toolchains/esp32/idf-tools/tools/xtensa-esp32-elf/esp32-2019r1-8.2.0/xtensa-esp32-elf/bin/../lib/gcc/:/media/ankit/mydev/toolchains/esp32/idf-tools/tools/xtensa-esp32-elf/esp32-2019r1-8.2.0/xtensa-esp32-elf/bin/../lib/gcc/xtensa-esp32-elf/8.2.0/../../../../xtensa-esp32-elf/lib/]
  ignore line: [COLLECT_GCC_OPTIONS='-mlongcalls' '-Wno-frame-address' '-nostdlib' '-v' '-o' 'cmTC_83be9']
  link line: [ /media/ankit/mydev/toolchains/esp32/idf-tools/tools/xtensa-esp32-elf/esp32-2019r1-8.2.0/xtensa-esp32-elf/bin/../libexec/gcc/xtensa-esp32-elf/8.2.0/collect2 -plugin /media/ankit/mydev/toolchains/esp32/idf-tools/tools/xtensa-esp32-elf/esp32-2019r1-8.2.0/xtensa-esp32-elf/bin/../libexec/gcc/xtensa-esp32-elf/8.2.0/liblto_plugin.so -plugin-opt=/media/ankit/mydev/toolchains/esp32/idf-tools/tools/xtensa-esp32-elf/esp32-2019r1-8.2.0/xtensa-esp32-elf/bin/../libexec/gcc/xtensa-esp32-elf/8.2.0/lto-wrapper -plugin-opt=-fresolution=/tmp/ccwaUl5M.res -o cmTC_83be9 -L/media/ankit/mydev/toolchains/esp32/idf-tools/tools/xtensa-esp32-elf/esp32-2019r1-8.2.0/xtensa-esp32-elf/bin/../lib/gcc/xtensa-esp32-elf/8.2.0 -L/media/ankit/mydev/toolchains/esp32/idf-tools/tools/xtensa-esp32-elf/esp32-2019r1-8.2.0/xtensa-esp32-elf/bin/../lib/gcc -L/media/ankit/mydev/toolchains/esp32/idf-tools/tools/xtensa-esp32-elf/esp32-2019r1-8.2.0/xtensa-esp32-elf/bin/../lib/gcc/xtensa-esp32-elf/8.2.0/../../../../xtensa-esp32-elf/lib CMakeFiles/cmTC_83be9.dir/CMakeCXXCompilerABI.cpp.obj]
    arg [/media/ankit/mydev/toolchains/esp32/idf-tools/tools/xtensa-esp32-elf/esp32-2019r1-8.2.0/xtensa-esp32-elf/bin/../libexec/gcc/xtensa-esp32-elf/8.2.0/collect2] ==> ignore
    arg [-plugin] ==> ignore
    arg [/media/ankit/mydev/toolchains/esp32/idf-tools/tools/xtensa-esp32-elf/esp32-2019r1-8.2.0/xtensa-esp32-elf/bin/../libexec/gcc/xtensa-esp32-elf/8.2.0/liblto_plugin.so] ==> ignore
    arg [-plugin-opt=/media/ankit/mydev/toolchains/esp32/idf-tools/tools/xtensa-esp32-elf/esp32-2019r1-8.2.0/xtensa-esp32-elf/bin/../libexec/gcc/xtensa-esp32-elf/8.2.0/lto-wrapper] ==> ignore
    arg [-plugin-opt=-fresolution=/tmp/ccwaUl5M.res] ==> ignore
    arg [-o] ==> ignore
    arg [cmTC_83be9] ==> ignore
    arg [-L/media/ankit/mydev/toolchains/esp32/idf-tools/tools/xtensa-esp32-elf/esp32-2019r1-8.2.0/xtensa-esp32-elf/bin/../lib/gcc/xtensa-esp32-elf/8.2.0] ==> dir [/media/ankit/mydev/toolchains/esp32/idf-tools/tools/xtensa-esp32-elf/esp32-2019r1-8.2.0/xtensa-esp32-elf/bin/../lib/gcc/xtensa-esp32-elf/8.2.0]
    arg [-L/media/ankit/mydev/toolchains/esp32/idf-tools/tools/xtensa-esp32-elf/esp32-2019r1-8.2.0/xtensa-esp32-elf/bin/../lib/gcc] ==> dir [/media/ankit/mydev/toolchains/esp32/idf-tools/tools/xtensa-esp32-elf/esp32-2019r1-8.2.0/xtensa-esp32-elf/bin/../lib/gcc]
    arg [-L/media/ankit/mydev/toolchains/esp32/idf-tools/tools/xtensa-esp32-elf/esp32-2019r1-8.2.0/xtensa-esp32-elf/bin/../lib/gcc/xtensa-esp32-elf/8.2.0/../../../../xtensa-esp32-elf/lib] ==> dir [/media/ankit/mydev/toolchains/esp32/idf-tools/tools/xtensa-esp32-elf/esp32-2019r1-8.2.0/xtensa-esp32-elf/bin/../lib/gcc/xtensa-esp32-elf/8.2.0/../../../../xtensa-esp32-elf/lib]
    arg [CMakeFiles/cmTC_83be9.dir/CMakeCXXCompilerABI.cpp.obj] ==> ignore
  collapse library dir [/media/ankit/mydev/toolchains/esp32/idf-tools/tools/xtensa-esp32-elf/esp32-2019r1-8.2.0/xtensa-esp32-elf/bin/../lib/gcc/xtensa-esp32-elf/8.2.0] ==> [/media/ankit/mydev/toolchains/esp32/idf-tools/tools/xtensa-esp32-elf/esp32-2019r1-8.2.0/xtensa-esp32-elf/lib/gcc/xtensa-esp32-elf/8.2.0]
  collapse library dir [/media/ankit/mydev/toolchains/esp32/idf-tools/tools/xtensa-esp32-elf/esp32-2019r1-8.2.0/xtensa-esp32-elf/bin/../lib/gcc] ==> [/media/ankit/mydev/toolchains/esp32/idf-tools/tools/xtensa-esp32-elf/esp32-2019r1-8.2.0/xtensa-esp32-elf/lib/gcc]
  collapse library dir [/media/ankit/mydev/toolchains/esp32/idf-tools/tools/xtensa-esp32-elf/esp32-2019r1-8.2.0/xtensa-esp32-elf/bin/../lib/gcc/xtensa-esp32-elf/8.2.0/../../../../xtensa-esp32-elf/lib] ==> [/media/ankit/mydev/toolchains/esp32/idf-tools/tools/xtensa-esp32-elf/esp32-2019r1-8.2.0/xtensa-esp32-elf/xtensa-esp32-elf/lib]
  implicit libs: []
  implicit dirs: [/media/ankit/mydev/toolchains/esp32/idf-tools/tools/xtensa-esp32-elf/esp32-2019r1-8.2.0/xtensa-esp32-elf/lib/gcc/xtensa-esp32-elf/8.2.0;/media/ankit/mydev/toolchains/esp32/idf-tools/tools/xtensa-esp32-elf/esp32-2019r1-8.2.0/xtensa-esp32-elf/lib/gcc;/media/ankit/mydev/toolchains/esp32/idf-tools/tools/xtensa-esp32-elf/esp32-2019r1-8.2.0/xtensa-esp32-elf/xtensa-esp32-elf/lib]
  implicit fwks: []




Detecting CXX [-std=c++1z] compiler features compiled with the following output:
Change Dir: /home/ankit/Sandbox/ESP32_MESSAGE_DISPLAY/src/build/CMakeFiles/CMakeTmp

Run Build Command:"/usr/bin/make" "cmTC_112a4/fast"
/usr/bin/make -f CMakeFiles/cmTC_112a4.dir/build.make CMakeFiles/cmTC_112a4.dir/build
make[1]: Entering directory '/home/ankit/Sandbox/ESP32_MESSAGE_DISPLAY/src/build/CMakeFiles/CMakeTmp'
Building CXX object CMakeFiles/cmTC_112a4.dir/feature_tests.cxx.obj
/media/ankit/mydev/toolchains/esp32/idf-tools/tools/xtensa-esp32-elf/esp32-2019r1-8.2.0/xtensa-esp32-elf/bin/xtensa-esp32-elf-g++    -mlongcalls -Wno-frame-address    -std=c++1z -o CMakeFiles/cmTC_112a4.dir/feature_tests.cxx.obj -c /home/ankit/Sandbox/ESP32_MESSAGE_DISPLAY/src/build/CMakeFiles/feature_tests.cxx
Linking CXX executable cmTC_112a4
/usr/bin/cmake -E cmake_link_script CMakeFiles/cmTC_112a4.dir/link.txt --verbose=1
/media/ankit/mydev/toolchains/esp32/idf-tools/tools/xtensa-esp32-elf/esp32-2019r1-8.2.0/xtensa-esp32-elf/bin/xtensa-esp32-elf-g++  -mlongcalls -Wno-frame-address   -nostdlib  CMakeFiles/cmTC_112a4.dir/feature_tests.cxx.obj  -o cmTC_112a4 
/media/ankit/mydev/toolchains/esp32/idf-tools/tools/xtensa-esp32-elf/esp32-2019r1-8.2.0/xtensa-esp32-elf/bin/../lib/gcc/xtensa-esp32-elf/8.2.0/../../../../xtensa-esp32-elf/bin/ld: warning: cannot find entry symbol _start; defaulting to 0000000000400054
make[1]: Leaving directory '/home/ankit/Sandbox/ESP32_MESSAGE_DISPLAY/src/build/CMakeFiles/CMakeTmp'


    Feature record: CXX_FEATURE:1cxx_aggregate_default_initializers
    Feature record: CXX_FEATURE:1cxx_alias_templates
    Feature record: CXX_FEATURE:1cxx_alignas
    Feature record: CXX_FEATURE:1cxx_alignof
    Feature record: CXX_FEATURE:1cxx_attributes
    Feature record: CXX_FEATURE:1cxx_attribute_deprecated
    Feature record: CXX_FEATURE:1cxx_auto_type
    Feature record: CXX_FEATURE:1cxx_binary_literals
    Feature record: CXX_FEATURE:1cxx_constexpr
    Feature record: CXX_FEATURE:1cxx_contextual_conversions
    Feature record: CXX_FEATURE:1cxx_decltype
    Feature record: CXX_FEATURE:1cxx_decltype_auto
    Feature record: CXX_FEATURE:1cxx_decltype_incomplete_return_types
    Feature record: CXX_FEATURE:1cxx_default_function_template_args
    Feature record: CXX_FEATURE:1cxx_defaulted_functions
    Feature record: CXX_FEATURE:1cxx_defaulted_move_initializers
    Feature record: CXX_FEATURE:1cxx_delegating_constructors
    Feature record: CXX_FEATURE:1cxx_deleted_functions
    Feature record: CXX_FEATURE:1cxx_digit_separators
    Feature record: CXX_FEATURE:1cxx_enum_forward_declarations
    Feature record: CXX_FEATURE:1cxx_explicit_conversions
    Feature record: CXX_FEATURE:1cxx_extended_friend_declarations
    Feature record: CXX_FEATURE:1cxx_extern_templates
    Feature record: CXX_FEATURE:1cxx_final
    Feature record: CXX_FEATURE:1cxx_func_identifier
    Feature record: CXX_FEATURE:1cxx_generalized_initializers
    Feature record: CXX_FEATURE:1cxx_generic_lambdas
    Feature record: CXX_FEATURE:1cxx_inheriting_constructors
    Feature record: CXX_FEATURE:1cxx_inline_namespaces
    Feature record: CXX_FEATURE:1cxx_lambdas
    Feature record: CXX_FEATURE:1cxx_lambda_init_captures
    Feature record: CXX_FEATURE:1cxx_local_type_template_args
    Feature record: CXX_FEATURE:1cxx_long_long_type
    Feature record: CXX_FEATURE:1cxx_noexcept
    Feature record: CXX_FEATURE:1cxx_nonstatic_member_init
    Feature record: CXX_FEATURE:1cxx_nullptr
    Feature record: CXX_FEATURE:1cxx_override
    Feature record: CXX_FEATURE:1cxx_range_for
    Feature record: CXX_FEATURE:1cxx_raw_string_literals
    Feature record: CXX_FEATURE:1cxx_reference_qualified_functions
    Feature record: CXX_FEATURE:1cxx_relaxed_constexpr
    Feature record: CXX_FEATURE:1cxx_return_type_deduction
    Feature record: CXX_FEATURE:1cxx_right_angle_brackets
    Feature record: CXX_FEATURE:1cxx_rvalue_references
    Feature record: CXX_FEATURE:1cxx_sizeof_member
    Feature record: CXX_FEATURE:1cxx_static_assert
    Feature record: CXX_FEATURE:1cxx_strong_enums
    Feature record: CXX_FEATURE:1cxx_template_template_parameters
    Feature record: CXX_FEATURE:1cxx_thread_local
    Feature record: CXX_FEATURE:1cxx_trailing_return_types
    Feature record: CXX_FEATURE:1cxx_unicode_literals
    Feature record: CXX_FEATURE:1cxx_uniform_initialization
    Feature record: CXX_FEATURE:1cxx_unrestricted_unions
    Feature record: CXX_FEATURE:1cxx_user_literals
    Feature record: CXX_FEATURE:1cxx_variable_templates
    Feature record: CXX_FEATURE:1cxx_variadic_macros
    Feature record: CXX_FEATURE:1cxx_variadic_templates


Detecting CXX [-std=c++14] compiler features compiled with the following output:
Change Dir: /home/ankit/Sandbox/ESP32_MESSAGE_DISPLAY/src/build/CMakeFiles/CMakeTmp

Run Build Command:"/usr/bin/make" "cmTC_8874f/fast"
/usr/bin/make -f CMakeFiles/cmTC_8874f.dir/build.make CMakeFiles/cmTC_8874f.dir/build
make[1]: Entering directory '/home/ankit/Sandbox/ESP32_MESSAGE_DISPLAY/src/build/CMakeFiles/CMakeTmp'
Building CXX object CMakeFiles/cmTC_8874f.dir/feature_tests.cxx.obj
/media/ankit/mydev/toolchains/esp32/idf-tools/tools/xtensa-esp32-elf/esp32-2019r1-8.2.0/xtensa-esp32-elf/bin/xtensa-esp32-elf-g++    -mlongcalls -Wno-frame-address    -std=c++14 -o CMakeFiles/cmTC_8874f.dir/feature_tests.cxx.obj -c /home/ankit/Sandbox/ESP32_MESSAGE_DISPLAY/src/build/CMakeFiles/feature_tests.cxx
Linking CXX executable cmTC_8874f
/usr/bin/cmake -E cmake_link_script CMakeFiles/cmTC_8874f.dir/link.txt --verbose=1
/media/ankit/mydev/toolchains/esp32/idf-tools/tools/xtensa-esp32-elf/esp32-2019r1-8.2.0/xtensa-esp32-elf/bin/xtensa-esp32-elf-g++  -mlongcalls -Wno-frame-address   -nostdlib  CMakeFiles/cmTC_8874f.dir/feature_tests.cxx.obj  -o cmTC_8874f 
/media/ankit/mydev/toolchains/esp32/idf-tools/tools/xtensa-esp32-elf/esp32-2019r1-8.2.0/xtensa-esp32-elf/bin/../lib/gcc/xtensa-esp32-elf/8.2.0/../../../../xtensa-esp32-elf/bin/ld: warning: cannot find entry symbol _start; defaulting to 0000000000400054
make[1]: Leaving directory '/home/ankit/Sandbox/ESP32_MESSAGE_DISPLAY/src/build/CMakeFiles/CMakeTmp'


    Feature record: CXX_FEATURE:1cxx_aggregate_default_initializers
    Feature record: CXX_FEATURE:1cxx_alias_templates
    Feature record: CXX_FEATURE:1cxx_alignas
    Feature record: CXX_FEATURE:1cxx_alignof
    Feature record: CXX_FEATURE:1cxx_attributes
    Feature record: CXX_FEATURE:1cxx_attribute_deprecated
    Feature record: CXX_FEATURE:1cxx_auto_type
    Feature record: CXX_FEATURE:1cxx_binary_literals
    Feature record: CXX_FEATURE:1cxx_constexpr
    Feature record: CXX_FEATURE:1cxx_contextual_conversions
    Feature record: CXX_FEATURE:1cxx_decltype
    Feature record: CXX_FEATURE:1cxx_decltype_auto
    Feature record: CXX_FEATURE:1cxx_decltype_incomplete_return_types
    Feature record: CXX_FEATURE:1cxx_default_function_template_args
    Feature record: CXX_FEATURE:1cxx_defaulted_functions
    Feature record: CXX_FEATURE:1cxx_defaulted_move_initializers
    Feature record: CXX_FEATURE:1cxx_delegating_constructors
    Feature record: CXX_FEATURE:1cxx_deleted_functions
    Feature record: CXX_FEATURE:1cxx_digit_separators
    Feature record: CXX_FEATURE:1cxx_enum_forward_declarations
    Feature record: CXX_FEATURE:1cxx_explicit_conversions
    Feature record: CXX_FEATURE:1cxx_extended_friend_declarations
    Feature record: CXX_FEATURE:1cxx_extern_templates
    Feature record: CXX_FEATURE:1cxx_final
    Feature record: CXX_FEATURE:1cxx_func_identifier
    Feature record: CXX_FEATURE:1cxx_generalized_initializers
    Feature record: CXX_FEATURE:1cxx_generic_lambdas
    Feature record: CXX_FEATURE:1cxx_inheriting_constructors
    Feature record: CXX_FEATURE:1cxx_inline_namespaces
    Feature record: CXX_FEATURE:1cxx_lambdas
    Feature record: CXX_FEATURE:1cxx_lambda_init_captures
    Feature record: CXX_FEATURE:1cxx_local_type_template_args
    Feature record: CXX_FEATURE:1cxx_long_long_type
    Feature record: CXX_FEATURE:1cxx_noexcept
    Feature record: CXX_FEATURE:1cxx_nonstatic_member_init
    Feature record: CXX_FEATURE:1cxx_nullptr
    Feature record: CXX_FEATURE:1cxx_override
    Feature record: CXX_FEATURE:1cxx_range_for
    Feature record: CXX_FEATURE:1cxx_raw_string_literals
    Feature record: CXX_FEATURE:1cxx_reference_qualified_functions
    Feature record: CXX_FEATURE:1cxx_relaxed_constexpr
    Feature record: CXX_FEATURE:1cxx_return_type_deduction
    Feature record: CXX_FEATURE:1cxx_right_angle_brackets
    Feature record: CXX_FEATURE:1cxx_rvalue_references
    Feature record: CXX_FEATURE:1cxx_sizeof_member
    Feature record: CXX_FEATURE:1cxx_static_assert
    Feature record: CXX_FEATURE:1cxx_strong_enums
    Feature record: CXX_FEATURE:1cxx_template_template_parameters
    Feature record: CXX_FEATURE:1cxx_thread_local
    Feature record: CXX_FEATURE:1cxx_trailing_return_types
    Feature record: CXX_FEATURE:1cxx_unicode_literals
    Feature record: CXX_FEATURE:1cxx_uniform_initialization
    Feature record: CXX_FEATURE:1cxx_unrestricted_unions
    Feature record: CXX_FEATURE:1cxx_user_literals
    Feature record: CXX_FEATURE:1cxx_variable_templates
    Feature record: CXX_FEATURE:1cxx_variadic_macros
    Feature record: CXX_FEATURE:1cxx_variadic_templates


Detecting CXX [-std=c++11] compiler features compiled with the following output:
Change Dir: /home/ankit/Sandbox/ESP32_MESSAGE_DISPLAY/src/build/CMakeFiles/CMakeTmp

Run Build Command:"/usr/bin/make" "cmTC_48e0f/fast"
/usr/bin/make -f CMakeFiles/cmTC_48e0f.dir/build.make CMakeFiles/cmTC_48e0f.dir/build
make[1]: Entering directory '/home/ankit/Sandbox/ESP32_MESSAGE_DISPLAY/src/build/CMakeFiles/CMakeTmp'
Building CXX object CMakeFiles/cmTC_48e0f.dir/feature_tests.cxx.obj
/media/ankit/mydev/toolchains/esp32/idf-tools/tools/xtensa-esp32-elf/esp32-2019r1-8.2.0/xtensa-esp32-elf/bin/xtensa-esp32-elf-g++    -mlongcalls -Wno-frame-address    -std=c++11 -o CMakeFiles/cmTC_48e0f.dir/feature_tests.cxx.obj -c /home/ankit/Sandbox/ESP32_MESSAGE_DISPLAY/src/build/CMakeFiles/feature_tests.cxx
Linking CXX executable cmTC_48e0f
/usr/bin/cmake -E cmake_link_script CMakeFiles/cmTC_48e0f.dir/link.txt --verbose=1
/media/ankit/mydev/toolchains/esp32/idf-tools/tools/xtensa-esp32-elf/esp32-2019r1-8.2.0/xtensa-esp32-elf/bin/xtensa-esp32-elf-g++  -mlongcalls -Wno-frame-address   -nostdlib  CMakeFiles/cmTC_48e0f.dir/feature_tests.cxx.obj  -o cmTC_48e0f 
/media/ankit/mydev/toolchains/esp32/idf-tools/tools/xtensa-esp32-elf/esp32-2019r1-8.2.0/xtensa-esp32-elf/bin/../lib/gcc/xtensa-esp32-elf/8.2.0/../../../../xtensa-esp32-elf/bin/ld: warning: cannot find entry symbol _start; defaulting to 0000000000400054
make[1]: Leaving directory '/home/ankit/Sandbox/ESP32_MESSAGE_DISPLAY/src/build/CMakeFiles/CMakeTmp'


    Feature record: CXX_FEATURE:0cxx_aggregate_default_initializers
    Feature record: CXX_FEATURE:1cxx_alias_templates
    Feature record: CXX_FEATURE:1cxx_alignas
    Feature record: CXX_FEATURE:1cxx_alignof
    Feature record: CXX_FEATURE:1cxx_attributes
    Feature record: CXX_FEATURE:0cxx_attribute_deprecated
    Feature record: CXX_FEATURE:1cxx_auto_type
    Feature record: CXX_FEATURE:0cxx_binary_literals
    Feature record: CXX_FEATURE:1cxx_constexpr
    Feature record: CXX_FEATURE:0cxx_contextual_conversions
    Feature record: CXX_FEATURE:1cxx_decltype
    Feature record: CXX_FEATURE:0cxx_decltype_auto
    Feature record: CXX_FEATURE:1cxx_decltype_incomplete_return_types
    Feature record: CXX_FEATURE:1cxx_default_function_template_args
    Feature record: CXX_FEATURE:1cxx_defaulted_functions
    Feature record: CXX_FEATURE:1cxx_defaulted_move_initializers
    Feature record: CXX_FEATURE:1cxx_delegating_constructors
    Feature record: CXX_FEATURE:1cxx_deleted_functions
    Feature record: CXX_FEATURE:0cxx_digit_separators
    Feature record: CXX_FEATURE:1cxx_enum_forward_declarations
    Feature record: CXX_FEATURE:1cxx_explicit_conversions
    Feature record: CXX_FEATURE:1cxx_extended_friend_declarations
    Feature record: CXX_FEATURE:1cxx_extern_templates
    Feature record: CXX_FEATURE:1cxx_final
    Feature record: CXX_FEATURE:1cxx_func_identifier
    Feature record: CXX_FEATURE:1cxx_generalized_initializers
    Feature record: CXX_FEATURE:0cxx_generic_lambdas
    Feature record: CXX_FEATURE:1cxx_inheriting_constructors
    Feature record: CXX_FEATURE:1cxx_inline_namespaces
    Feature record: CXX_FEATURE:1cxx_lambdas
    Feature record: CXX_FEATURE:0cxx_lambda_init_captures
    Feature record: CXX_FEATURE:1cxx_local_type_template_args
    Feature record: CXX_FEATURE:1cxx_long_long_type
    Feature record: CXX_FEATURE:1cxx_noexcept
    Feature record: CXX_FEATURE:1cxx_nonstatic_member_init
    Feature record: CXX_FEATURE:1cxx_nullptr
    Feature record: CXX_FEATURE:1cxx_override
    Feature record: CXX_FEATURE:1cxx_range_for
    Feature record: CXX_FEATURE:1cxx_raw_string_literals
    Feature record: CXX_FEATURE:1cxx_reference_qualified_functions
    Feature record: CXX_FEATURE:0cxx_relaxed_constexpr
    Feature record: CXX_FEATURE:0cxx_return_type_deduction
    Feature record: CXX_FEATURE:1cxx_right_angle_brackets
    Feature record: CXX_FEATURE:1cxx_rvalue_references
    Feature record: CXX_FEATURE:1cxx_sizeof_member
    Feature record: CXX_FEATURE:1cxx_static_assert
    Feature record: CXX_FEATURE:1cxx_strong_enums
    Feature record: CXX_FEATURE:1cxx_template_template_parameters
    Feature record: CXX_FEATURE:1cxx_thread_local
    Feature record: CXX_FEATURE:1cxx_trailing_return_types
    Feature record: CXX_FEATURE:1cxx_unicode_literals
    Feature record: CXX_FEATURE:1cxx_uniform_initialization
    Feature record: CXX_FEATURE:1cxx_unrestricted_unions
    Feature record: CXX_FEATURE:1cxx_user_literals
    Feature record: CXX_FEATURE:0cxx_variable_templates
    Feature record: CXX_FEATURE:1cxx_variadic_macros
    Feature record: CXX_FEATURE:1cxx_variadic_templates


Detecting CXX [-std=c++98] compiler features compiled with the following output:
Change Dir: /home/ankit/Sandbox/ESP32_MESSAGE_DISPLAY/src/build/CMakeFiles/CMakeTmp

Run Build Command:"/usr/bin/make" "cmTC_f00b1/fast"
/usr/bin/make -f CMakeFiles/cmTC_f00b1.dir/build.make CMakeFiles/cmTC_f00b1.dir/build
make[1]: Entering directory '/home/ankit/Sandbox/ESP32_MESSAGE_DISPLAY/src/build/CMakeFiles/CMakeTmp'
Building CXX object CMakeFiles/cmTC_f00b1.dir/feature_tests.cxx.obj
/media/ankit/mydev/toolchains/esp32/idf-tools/tools/xtensa-esp32-elf/esp32-2019r1-8.2.0/xtensa-esp32-elf/bin/xtensa-esp32-elf-g++    -mlongcalls -Wno-frame-address    -std=c++98 -o CMakeFiles/cmTC_f00b1.dir/feature_tests.cxx.obj -c /home/ankit/Sandbox/ESP32_MESSAGE_DISPLAY/src/build/CMakeFiles/feature_tests.cxx
Linking CXX executable cmTC_f00b1
/usr/bin/cmake -E cmake_link_script CMakeFiles/cmTC_f00b1.dir/link.txt --verbose=1
/media/ankit/mydev/toolchains/esp32/idf-tools/tools/xtensa-esp32-elf/esp32-2019r1-8.2.0/xtensa-esp32-elf/bin/xtensa-esp32-elf-g++  -mlongcalls -Wno-frame-address   -nostdlib  CMakeFiles/cmTC_f00b1.dir/feature_tests.cxx.obj  -o cmTC_f00b1 
/media/ankit/mydev/toolchains/esp32/idf-tools/tools/xtensa-esp32-elf/esp32-2019r1-8.2.0/xtensa-esp32-elf/bin/../lib/gcc/xtensa-esp32-elf/8.2.0/../../../../xtensa-esp32-elf/bin/ld: warning: cannot find entry symbol _start; defaulting to 0000000000400054
make[1]: Leaving directory '/home/ankit/Sandbox/ESP32_MESSAGE_DISPLAY/src/build/CMakeFiles/CMakeTmp'


    Feature record: CXX_FEATURE:0cxx_aggregate_default_initializers
    Feature record: CXX_FEATURE:0cxx_alias_templates
    Feature record: CXX_FEATURE:0cxx_alignas
    Feature record: CXX_FEATURE:0cxx_alignof
    Feature record: CXX_FEATURE:0cxx_attributes
    Feature record: CXX_FEATURE:0cxx_attribute_deprecated
    Feature record: CXX_FEATURE:0cxx_auto_type
    Feature record: CXX_FEATURE:0cxx_binary_literals
    Feature record: CXX_FEATURE:0cxx_constexpr
    Feature record: CXX_FEATURE:0cxx_contextual_conversions
    Feature record: CXX_FEATURE:0cxx_decltype
    Feature record: CXX_FEATURE:0cxx_decltype_auto
    Feature record: CXX_FEATURE:0cxx_decltype_incomplete_return_types
    Feature record: CXX_FEATURE:0cxx_default_function_template_args
    Feature record: CXX_FEATURE:0cxx_defaulted_functions
    Feature record: CXX_FEATURE:0cxx_defaulted_move_initializers
    Feature record: CXX_FEATURE:0cxx_delegating_constructors
    Feature record: CXX_FEATURE:0cxx_deleted_functions
    Feature record: CXX_FEATURE:0cxx_digit_separators
    Feature record: CXX_FEATURE:0cxx_enum_forward_declarations
    Feature record: CXX_FEATURE:0cxx_explicit_conversions
    Feature record: CXX_FEATURE:0cxx_extended_friend_declarations
    Feature record: CXX_FEATURE:0cxx_extern_templates
    Feature record: CXX_FEATURE:0cxx_final
    Feature record: CXX_FEATURE:0cxx_func_identifier
    Feature record: CXX_FEATURE:0cxx_generalized_initializers
    Feature record: CXX_FEATURE:0cxx_generic_lambdas
    Feature record: CXX_FEATURE:0cxx_inheriting_constructors
    Feature record: CXX_FEATURE:0cxx_inline_namespaces
    Feature record: CXX_FEATURE:0cxx_lambdas
    Feature record: CXX_FEATURE:0cxx_lambda_init_captures
    Feature record: CXX_FEATURE:0cxx_local_type_template_args
    Feature record: CXX_FEATURE:0cxx_long_long_type
    Feature record: CXX_FEATURE:0cxx_noexcept
    Feature record: CXX_FEATURE:0cxx_nonstatic_member_init
    Feature record: CXX_FEATURE:0cxx_nullptr
    Feature record: CXX_FEATURE:0cxx_override
    Feature record: CXX_FEATURE:0cxx_range_for
    Feature record: CXX_FEATURE:0cxx_raw_string_literals
    Feature record: CXX_FEATURE:0cxx_reference_qualified_functions
    Feature record: CXX_FEATURE:0cxx_relaxed_constexpr
    Feature record: CXX_FEATURE:0cxx_return_type_deduction
    Feature record: CXX_FEATURE:0cxx_right_angle_brackets
    Feature record: CXX_FEATURE:0cxx_rvalue_references
    Feature record: CXX_FEATURE:0cxx_sizeof_member
    Feature record: CXX_FEATURE:0cxx_static_assert
    Feature record: CXX_FEATURE:0cxx_strong_enums
    Feature record: CXX_FEATURE:1cxx_template_template_parameters
    Feature record: CXX_FEATURE:0cxx_thread_local
    Feature record: CXX_FEATURE:0cxx_trailing_return_types
    Feature record: CXX_FEATURE:0cxx_unicode_literals
    Feature record: CXX_FEATURE:0cxx_uniform_initialization
    Feature record: CXX_FEATURE:0cxx_unrestricted_unions
    Feature record: CXX_FEATURE:0cxx_user_literals
    Feature record: CXX_FEATURE:0cxx_variable_templates
    Feature record: CXX_FEATURE:0cxx_variadic_macros
    Feature record: CXX_FEATURE:0cxx_variadic_templates
